2014-03-27 00:57:28,971 - jobManagement - ERROR - Alive!
2014-03-27 00:58:27,110 - jobManagement - ERROR - Alive!
2014-03-27 00:59:26,374 - jobManagement - ERROR - Alive!
2014-03-27 01:15:35,350 - jobManagement - ERROR - after
2014-03-27 01:15:35,604 - jobManagement - ERROR - Alive!
2014-03-27 01:16:14,046 - jobManagement - ERROR - after
2014-03-27 01:16:14,300 - jobManagement - ERROR - Alive!
2014-03-27 01:18:31,037 - jobManagement - ERROR - after
2014-03-27 01:18:31,288 - jobManagement - ERROR - Alive!
2014-03-27 01:19:40,435 - jobManagement - ERROR - after
2014-03-27 01:19:40,694 - jobManagement - ERROR - Alive!
2014-03-27 01:19:45,129 - jobManagement - ERROR - Connected to DHT.
2014-03-27 01:19:45,129 - jobManagement - ERROR - Waiting for friend request
2014-03-27 01:20:56,427 - jobManagement - ERROR - after
2014-03-27 01:20:56,676 - jobManagement - ERROR - Alive!
2014-03-27 01:20:57,084 - jobManagement - ERROR - Connected to DHT.
2014-03-27 01:20:57,084 - jobManagement - ERROR - Waiting for friend request
2014-03-27 01:30:24,702 - jobManagement - ERROR - after
2014-03-27 01:30:24,971 - jobManagement - ERROR - Alive!
2014-03-27 01:31:10,241 - jobManagement - ERROR - after
2014-03-27 01:31:10,497 - jobManagement - ERROR - Alive!
2014-03-27 01:31:20,543 - jobManagement - ERROR - Connected to DHT.
2014-03-27 01:31:20,543 - jobManagement - ERROR - Waiting for friend request
2014-03-27 01:31:50,757 - jobManagement - ERROR - after
2014-03-27 01:31:51,015 - jobManagement - ERROR - Alive!
2014-03-27 01:32:06,092 - jobManagement - ERROR - Connected to DHT.
2014-03-27 01:32:06,092 - jobManagement - ERROR - Waiting for friend request
2014-03-27 01:34:26,842 - jobManagement - ERROR - Disconnected from DHT.
2014-03-27 02:10:42,013 - jobManagement - ERROR - Alive!
2014-03-27 02:10:45,213 - jobManagement - ERROR - Connected to DHT.
2014-03-27 02:10:45,214 - jobManagement - ERROR - Waiting for friend request
2014-03-27 02:15:58,172 - jobManagement - ERROR - Alive!
2014-03-27 02:16:06,154 - jobManagement - ERROR - Connected to DHT.
2014-03-27 02:16:06,155 - jobManagement - ERROR - Waiting for friend request
